<?xml version="1.0" encoding="UTF-8"?>
<testng-results total="1" passed="1" failed="0" skipped="0">
  <reporter-output>
  </reporter-output>
  <suite started-at="2020-06-17T04:22:37Z" name="Surefire suite" finished-at="2020-06-17T04:25:51Z" duration-ms="193659">
    <groups>
    </groups>
    <test started-at="2020-06-17T04:22:37Z" name="Surefire test" finished-at="2020-06-17T04:25:51Z" duration-ms="193659">
      <class name="Cucumber.AutomatedTicketBooking.AppTest">
        <test-method signature="testApp()[pri:0, instance:testApp(Cucumber.AutomatedTicketBooking.AppTest)]" started-at="2020-06-17T00:22:37Z" name="testApp" finished-at="2020-06-17T00:22:37Z" duration-ms="6" status="PASS">
          <reporter-output>
          </reporter-output>
        </test-method> <!-- testApp -->
      </class> <!-- Cucumber.AutomatedTicketBooking.AppTest -->
    </test> <!-- Surefire test -->
  </suite> <!-- Surefire suite -->
</testng-results>
